빌드 시작: 2016-09-09 오전 9:37:25
     1>2 노드의 "D:\Project\API\0908과제\0908과제\0908과제.vcxproj" 프로젝트(build 대상)입니다.
     1>InitializeBuildStatus:
         "Debug\0908과제.unsuccessfulbuild"에 연결(touching)하고 있습니다.
       ClCompile:
         C:\Program Files\Microsoft Visual Studio 10.0\VC\bin\CL.exe /c /ZI /nologo /W3 /WX- /Od /Oy- /D WIN32 /D _DEBUG /D _WINDOWS /D _MBCS /Gm /EHsc /RTC1 /MDd /GS /fp:precise /Zc:wchar_t /Zc:forScope /Fo"Debug\\" /Fd"Debug\vc100.pdb" /Gd /TP /analyze- /errorReport:prompt "0908과제.cpp"
         0908과제.cpp
     1>d:\project\api\0908과제\0908과제\0908과제.cpp(167): warning C4018: '<' : signed 또는 unsigned가 일치하지 않습니다.
       ResourceCompile:
         C:\Program Files\Microsoft SDKs\Windows\v7.0A\bin\rc.exe /l"0x0409" /nologo /fo"Debug\0908과제.res" "0908과제.rc" 
       ManifestResourceCompile:
         C:\Program Files\Microsoft SDKs\Windows\v7.0A\bin\rc.exe /nologo /fo"Debug\0908과제.exe.embed.manifest.res" "Debug\0908과제_manifest.rc" 
       Link:
         C:\Program Files\Microsoft Visual Studio 10.0\VC\bin\link.exe /ERRORREPORT:PROMPT /OUT:"D:\Project\API\0908과제\Debug\0908과제.exe" /INCREMENTAL /NOLOGO kernel32.lib user32.lib gdi32.lib winspool.lib comdlg32.lib advapi32.lib shell32.lib ole32.lib oleaut32.lib uuid.lib odbc32.lib odbccp32.lib /MANIFEST /ManifestFile:"Debug\0908과제.exe.intermediate.manifest" /MANIFESTUAC:"level='asInvoker' uiAccess='false'" /DEBUG /PDB:"D:\Project\API\0908과제\Debug\0908과제.pdb" /SUBSYSTEM:WINDOWS /TLBID:1 /DYNAMICBASE /NXCOMPAT /IMPLIB:"D:\Project\API\0908과제\Debug\0908과제.lib" /MACHINE:X86 "Debug\0908과제.res"
         "Debug\0908과제.exe.embed.manifest.res"
         "Debug\0908과제.obj"
       Manifest:
         C:\Program Files\Microsoft SDKs\Windows\v7.0A\bin\mt.exe /nologo /verbose /out:"Debug\0908과제.exe.embed.manifest" /manifest "Debug\0908과제.exe.intermediate.manifest"
         C:\Program Files\Microsoft SDKs\Windows\v7.0A\bin\rc.exe /nologo /fo"Debug\0908과제.exe.embed.manifest.res" "Debug\0908과제_manifest.rc" 
       LinkEmbedManifest:
         C:\Program Files\Microsoft Visual Studio 10.0\VC\bin\link.exe /ERRORREPORT:PROMPT /OUT:"D:\Project\API\0908과제\Debug\0908과제.exe" /INCREMENTAL /NOLOGO kernel32.lib user32.lib gdi32.lib winspool.lib comdlg32.lib advapi32.lib shell32.lib ole32.lib oleaut32.lib uuid.lib odbc32.lib odbccp32.lib /MANIFEST /ManifestFile:"Debug\0908과제.exe.intermediate.manifest" /MANIFESTUAC:"level='asInvoker' uiAccess='false'" /DEBUG /PDB:"D:\Project\API\0908과제\Debug\0908과제.pdb" /SUBSYSTEM:WINDOWS /TLBID:1 /DYNAMICBASE /NXCOMPAT /IMPLIB:"D:\Project\API\0908과제\Debug\0908과제.lib" /MACHINE:X86 "Debug\0908과제.res"
         "Debug\0908과제.exe.embed.manifest.res"
         "Debug\0908과제.obj"
         0908과제.vcxproj -> D:\Project\API\0908과제\Debug\0908과제.exe
       FinalizeBuildStatus:
         "Debug\0908과제.unsuccessfulbuild" 파일을 삭제하고 있습니다.
         "Debug\0908과제.lastbuildstate"에 연결(touching)하고 있습니다.
     1>"D:\Project\API\0908과제\0908과제\0908과제.vcxproj" 프로젝트를 빌드했습니다(build 대상).

빌드했습니다.

경과 시간: 00:00:01.15
