C:\PROJECT\API\160909과제\160909과제\DEBUG\160909과제.EXE.EMBED.MANIFEST
C:\PROJECT\API\160909과제\160909과제\DEBUG\160909과제.EXE.EMBED.MANIFEST.RES
C:\PROJECT\API\160909과제\160909과제\DEBUG\160909과제.EXE.INTERMEDIATE.MANIFEST
C:\PROJECT\API\160909과제\160909과제\DEBUG\160909과제.RES
C:\Project\API\160909과제\160909과제\Debug\160909과제.vcxprojResolveAssemblyReference.cache
C:\Project\API\160909과제\160909과제\Debug\160909과제.write.1.tlog
C:\Project\API\160909과제\160909과제\Debug\160909과제_manifest.rc
C:\Project\API\160909과제\160909과제\Debug\cl.command.1.tlog
C:\Project\API\160909과제\160909과제\Debug\CL.read.1.tlog
C:\Project\API\160909과제\160909과제\Debug\CL.write.1.tlog
C:\Project\API\160909과제\160909과제\Debug\link.4084.read.1.tlog
C:\Project\API\160909과제\160909과제\Debug\link.4084.write.1.tlog
C:\Project\API\160909과제\160909과제\Debug\link.4084-cvtres.read.1.tlog
C:\Project\API\160909과제\160909과제\Debug\link.4084-cvtres.write.1.tlog
C:\Project\API\160909과제\160909과제\Debug\link.command.1.tlog
C:\Project\API\160909과제\160909과제\Debug\link.read.1.tlog
C:\Project\API\160909과제\160909과제\Debug\link.write.1.tlog
C:\Project\API\160909과제\160909과제\Debug\link-cvtres.read.1.tlog
C:\Project\API\160909과제\160909과제\Debug\link-cvtres.write.1.tlog
C:\PROJECT\API\160909과제\160909과제\DEBUG\MAIN.OBJ
C:\Project\API\160909과제\160909과제\Debug\mt.command.1.tlog
C:\Project\API\160909과제\160909과제\Debug\mt.read.1.tlog
C:\Project\API\160909과제\160909과제\Debug\mt.write.1.tlog
C:\Project\API\160909과제\160909과제\Debug\rc.command.1.tlog
C:\Project\API\160909과제\160909과제\Debug\rc.read.1.tlog
C:\Project\API\160909과제\160909과제\Debug\rc.write.1.tlog
C:\Project\API\160909과제\160909과제\Debug\vc100.idb
C:\PROJECT\API\160909과제\160909과제\DEBUG\VC100.PDB
C:\PROJECT\API\160909과제\DEBUG\160909과제.EXE
C:\PROJECT\API\160909과제\DEBUG\160909과제.ILK
C:\PROJECT\API\160909과제\DEBUG\160909과제.PDB
