빌드 시작: 2016-09-22 오전 3:26:41
     1>2 노드의 "D:\Project\API\0921hw\0921hw\0921hw.vcxproj" 프로젝트(build 대상)입니다.
     1>InitializeBuildStatus:
         "AlwaysCreate"이(가) 지정되었기 때문에 "Debug\0921hw.unsuccessfulbuild"을(를) 만들고 있습니다.
       ClCompile:
         C:\Program Files\Microsoft Visual Studio 10.0\VC\bin\CL.exe /c /ZI /nologo /W3 /WX- /Od /Oy- /D WIN32 /D _DEBUG /D _CONSOLE /D _MBCS /Gm /EHsc /RTC1 /MDd /GS /fp:precise /Zc:wchar_t /Zc:forScope /Fo"Debug\\" /Fd"Debug\vc100.pdb" /Gd /TP /analyze- /errorReport:prompt main.cpp
         main.cpp
     1>d:\project\api\0921hw\0921hw\main.cpp(72): warning C4715: 'TR' : 모든 제어 경로에서 값을 반환하지는 않습니다.
     1>d:\project\api\0921hw\0921hw\main.cpp(95): warning C4715: 'TG' : 모든 제어 경로에서 값을 반환하지는 않습니다.
       Link:
         C:\Program Files\Microsoft Visual Studio 10.0\VC\bin\link.exe /ERRORREPORT:PROMPT /OUT:"D:\Project\API\0921hw\Debug\0921hw.exe" /INCREMENTAL /NOLOGO kernel32.lib user32.lib gdi32.lib winspool.lib comdlg32.lib advapi32.lib shell32.lib ole32.lib oleaut32.lib uuid.lib odbc32.lib odbccp32.lib /MANIFEST /ManifestFile:"Debug\0921hw.exe.intermediate.manifest" /MANIFESTUAC:"level='asInvoker' uiAccess='false'" /DEBUG /PDB:"D:\Project\API\0921hw\Debug\0921hw.pdb" /SUBSYSTEM:WINDOWS /TLBID:1 /DYNAMICBASE /NXCOMPAT /IMPLIB:"D:\Project\API\0921hw\Debug\0921hw.lib" /MACHINE:X86 Debug\main.obj
         0921hw.vcxproj -> D:\Project\API\0921hw\Debug\0921hw.exe
       Manifest:
         C:\Program Files\Microsoft SDKs\Windows\v7.0A\bin\mt.exe /nologo /verbose /out:"D:\Project\API\0921hw\Debug\0921hw.exe.manifest" /manifest Debug\0921hw.exe.intermediate.manifest
       FinalizeBuildStatus:
         "Debug\0921hw.unsuccessfulbuild" 파일을 삭제하고 있습니다.
         "Debug\0921hw.lastbuildstate"에 연결(touching)하고 있습니다.
     1>"D:\Project\API\0921hw\0921hw\0921hw.vcxproj" 프로젝트를 빌드했습니다(build 대상).

빌드했습니다.

경과 시간: 00:00:00.69
