C:\PROJECT\API\GUITCPCLIENT - 4\DEBUG\GUITCPCLIENT.EXE
C:\PROJECT\API\GUITCPCLIENT - 4\DEBUG\GUITCPCLIENT.ILK
C:\PROJECT\API\GUITCPCLIENT - 4\DEBUG\GUITCPCLIENT.PDB
C:\Project\API\GUITCPclient - 4\GUITCPclient\Debug\cl.command.1.tlog
C:\Project\API\GUITCPclient - 4\GUITCPclient\Debug\CL.read.1.tlog
C:\Project\API\GUITCPclient - 4\GUITCPclient\Debug\CL.write.1.tlog
C:\PROJECT\API\GUITCPCLIENT - 4\GUITCPCLIENT\DEBUG\CLIENT.OBJ
C:\PROJECT\API\GUITCPCLIENT - 4\GUITCPCLIENT\DEBUG\GUITCPCLIENT.EXE.EMBED.MANIFEST
C:\PROJECT\API\GUITCPCLIENT - 4\GUITCPCLIENT\DEBUG\GUITCPCLIENT.EXE.EMBED.MANIFEST.RES
C:\PROJECT\API\GUITCPCLIENT - 4\GUITCPCLIENT\DEBUG\GUITCPCLIENT.EXE.INTERMEDIATE.MANIFEST
C:\PROJECT\API\GUITCPCLIENT - 4\GUITCPCLIENT\DEBUG\GUITCPCLIENT.RES
C:\Project\API\GUITCPclient - 4\GUITCPclient\Debug\GUITCPclient.write.1.tlog
C:\Project\API\GUITCPclient - 4\GUITCPclient\Debug\GUITCPclient_manifest.rc
C:\Project\API\GUITCPclient - 4\GUITCPclient\Debug\link.752.read.1.tlog
C:\Project\API\GUITCPclient - 4\GUITCPclient\Debug\link.752.write.1.tlog
C:\Project\API\GUITCPclient - 4\GUITCPclient\Debug\link.752-cvtres.read.1.tlog
C:\Project\API\GUITCPclient - 4\GUITCPclient\Debug\link.752-cvtres.write.1.tlog
C:\Project\API\GUITCPclient - 4\GUITCPclient\Debug\link.command.1.tlog
C:\Project\API\GUITCPclient - 4\GUITCPclient\Debug\link.read.1.tlog
C:\Project\API\GUITCPclient - 4\GUITCPclient\Debug\link.write.1.tlog
C:\Project\API\GUITCPclient - 4\GUITCPclient\Debug\link-cvtres.read.1.tlog
C:\Project\API\GUITCPclient - 4\GUITCPclient\Debug\link-cvtres.write.1.tlog
C:\Project\API\GUITCPclient - 4\GUITCPclient\Debug\mt.command.1.tlog
C:\Project\API\GUITCPclient - 4\GUITCPclient\Debug\mt.read.1.tlog
C:\Project\API\GUITCPclient - 4\GUITCPclient\Debug\mt.write.1.tlog
C:\Project\API\GUITCPclient - 4\GUITCPclient\Debug\rc.command.1.tlog
C:\Project\API\GUITCPclient - 4\GUITCPclient\Debug\rc.read.1.tlog
C:\Project\API\GUITCPclient - 4\GUITCPclient\Debug\rc.write.1.tlog
C:\Project\API\GUITCPclient - 4\GUITCPclient\Debug\vc100.idb
C:\PROJECT\API\GUITCPCLIENT - 4\GUITCPCLIENT\DEBUG\VC100.PDB
