빌드 시작: 2016-09-23 오후 4:31:34
     1>2 노드의 "C:\Project\API\CopyDataA3\CopyDataA\CopyDataA.vcxproj" 프로젝트(build 대상)입니다.
     1>InitializeBuildStatus:
         "AlwaysCreate"이(가) 지정되었기 때문에 "Debug\CopyDataA.unsuccessfulbuild"을(를) 만들고 있습니다.
       ClCompile:
         C:\Program Files (x86)\Microsoft Visual Studio 10.0\VC\bin\CL.exe /c /ZI /nologo /W3 /WX- /Od /Oy- /D WIN32 /D _DEBUG /D _WINDOWS /D _UNICODE /D UNICODE /Gm /EHsc /RTC1 /MDd /GS /fp:precise /Zc:wchar_t /Zc:forScope /Fo"Debug\\" /Fd"Debug\vc100.pdb" /Gd /TP /analyze- /errorReport:prompt fsd.cpp
         fsd.cpp
       ManifestResourceCompile:
         모든 출력이 최신 상태입니다.
       Link:
         C:\Program Files (x86)\Microsoft Visual Studio 10.0\VC\bin\link.exe /ERRORREPORT:PROMPT /OUT:"C:\Project\API\CopyDataA3\Debug\CopyDataA.exe" /INCREMENTAL /NOLOGO kernel32.lib user32.lib gdi32.lib winspool.lib comdlg32.lib advapi32.lib shell32.lib ole32.lib oleaut32.lib uuid.lib odbc32.lib odbccp32.lib /MANIFEST /ManifestFile:"Debug\CopyDataA.exe.intermediate.manifest" /MANIFESTUAC:"level='asInvoker' uiAccess='false'" /DEBUG /PDB:"C:\Project\API\CopyDataA3\Debug\CopyDataA.pdb" /SUBSYSTEM:WINDOWS /TLBID:1 /DYNAMICBASE /NXCOMPAT /IMPLIB:"C:\Project\API\CopyDataA3\Debug\CopyDataA.lib" /MACHINE:X86 Debug\CopyDataA.exe.embed.manifest.res
         Debug\fsd.obj
       Manifest:
         c:\Program Files (x86)\Microsoft SDKs\Windows\v7.0A\bin\mt.exe /nologo /verbose /out:"Debug\CopyDataA.exe.embed.manifest" /manifest Debug\CopyDataA.exe.intermediate.manifest
         모든 출력이 최신 상태입니다.
       LinkEmbedManifest:
         모든 출력이 최신 상태입니다.
         CopyDataA.vcxproj -> C:\Project\API\CopyDataA3\Debug\CopyDataA.exe
       FinalizeBuildStatus:
         "Debug\CopyDataA.unsuccessfulbuild" 파일을 삭제하고 있습니다.
         "Debug\CopyDataA.lastbuildstate"에 연결(touching)하고 있습니다.
     1>"C:\Project\API\CopyDataA3\CopyDataA\CopyDataA.vcxproj" 프로젝트를 빌드했습니다(build 대상).

빌드했습니다.

경과 시간: 00:00:00.57
