빌드 시작: 2016-09-23 오후 9:45:53
     1>2 노드의 "C:\Project\API\160923_과제B\160923_과제B\160923_과제B.vcxproj" 프로젝트(build 대상)입니다.
     1>InitializeBuildStatus:
         "AlwaysCreate"이(가) 지정되었기 때문에 "Debug\160923_과제B.unsuccessfulbuild"을(를) 만들고 있습니다.
       ClCompile:
         C:\Program Files (x86)\Microsoft Visual Studio 10.0\VC\bin\CL.exe /c /ZI /nologo /W3 /WX- /Od /Oy- /D WIN32 /D _DEBUG /D _WINDOWS /D _UNICODE /D UNICODE /Gm /EHsc /RTC1 /MDd /GS /fp:precise /Zc:wchar_t /Zc:forScope /Fo"Debug\\" /Fd"Debug\vc100.pdb" /Gd /TP /analyze- /errorReport:prompt mainB.cpp
         mainB.cpp
       ManifestResourceCompile:
         모든 출력이 최신 상태입니다.
       Link:
         C:\Program Files (x86)\Microsoft Visual Studio 10.0\VC\bin\link.exe /ERRORREPORT:PROMPT /OUT:"C:\Project\API\160923_과제B\Debug\160923_과제B.exe" /INCREMENTAL /NOLOGO kernel32.lib user32.lib gdi32.lib winspool.lib comdlg32.lib advapi32.lib shell32.lib ole32.lib oleaut32.lib uuid.lib odbc32.lib odbccp32.lib /MANIFEST /ManifestFile:"Debug\160923_과제B.exe.intermediate.manifest" /MANIFESTUAC:"level='asInvoker' uiAccess='false'" /DEBUG /PDB:"C:\Project\API\160923_과제B\Debug\160923_과제B.pdb" /SUBSYSTEM:WINDOWS /TLBID:1 /DYNAMICBASE /NXCOMPAT /IMPLIB:"C:\Project\API\160923_과제B\Debug\160923_과제B.lib" /MACHINE:X86 "Debug\160923_과제B.exe.embed.manifest.res"
         Debug\mainB.obj
       Manifest:
         c:\Program Files (x86)\Microsoft SDKs\Windows\v7.0A\bin\mt.exe /nologo /verbose /out:"Debug\160923_과제B.exe.embed.manifest" /manifest "Debug\160923_과제B.exe.intermediate.manifest"
         모든 출력이 최신 상태입니다.
       LinkEmbedManifest:
         모든 출력이 최신 상태입니다.
         160923_과제B.vcxproj -> C:\Project\API\160923_과제B\Debug\160923_과제B.exe
       FinalizeBuildStatus:
         "Debug\160923_과제B.unsuccessfulbuild" 파일을 삭제하고 있습니다.
         "Debug\160923_과제B.lastbuildstate"에 연결(touching)하고 있습니다.
     1>"C:\Project\API\160923_과제B\160923_과제B\160923_과제B.vcxproj" 프로젝트를 빌드했습니다(build 대상).

빌드했습니다.

경과 시간: 00:00:00.92
