C:\PROJECT\API\160908숙제\160908숙제\DEBUG\160908숙제.EXE.EMBED.MANIFEST
C:\PROJECT\API\160908숙제\160908숙제\DEBUG\160908숙제.EXE.EMBED.MANIFEST.RES
C:\PROJECT\API\160908숙제\160908숙제\DEBUG\160908숙제.EXE.INTERMEDIATE.MANIFEST
C:\PROJECT\API\160908숙제\160908숙제\DEBUG\160908숙제.RES
C:\Project\API\160908숙제\160908숙제\Debug\160908숙제.vcxprojResolveAssemblyReference.cache
C:\Project\API\160908숙제\160908숙제\Debug\160908숙제.write.1.tlog
C:\Project\API\160908숙제\160908숙제\Debug\160908숙제_manifest.rc
C:\Project\API\160908숙제\160908숙제\Debug\cl.command.1.tlog
C:\Project\API\160908숙제\160908숙제\Debug\CL.read.1.tlog
C:\Project\API\160908숙제\160908숙제\Debug\CL.write.1.tlog
C:\Project\API\160908숙제\160908숙제\Debug\link.144.read.1.tlog
C:\Project\API\160908숙제\160908숙제\Debug\link.144.write.1.tlog
C:\Project\API\160908숙제\160908숙제\Debug\link.144-cvtres.read.1.tlog
C:\Project\API\160908숙제\160908숙제\Debug\link.144-cvtres.write.1.tlog
C:\Project\API\160908숙제\160908숙제\Debug\link.3524.read.1.tlog
C:\Project\API\160908숙제\160908숙제\Debug\link.3524.write.1.tlog
C:\Project\API\160908숙제\160908숙제\Debug\link.3524-cvtres.read.1.tlog
C:\Project\API\160908숙제\160908숙제\Debug\link.3524-cvtres.write.1.tlog
C:\Project\API\160908숙제\160908숙제\Debug\link.3880.read.1.tlog
C:\Project\API\160908숙제\160908숙제\Debug\link.3880.write.1.tlog
C:\Project\API\160908숙제\160908숙제\Debug\link.3880-cvtres.read.1.tlog
C:\Project\API\160908숙제\160908숙제\Debug\link.3880-cvtres.write.1.tlog
C:\Project\API\160908숙제\160908숙제\Debug\link.command.1.tlog
C:\Project\API\160908숙제\160908숙제\Debug\link.read.1.tlog
C:\Project\API\160908숙제\160908숙제\Debug\link.write.1.tlog
C:\Project\API\160908숙제\160908숙제\Debug\link-cvtres.read.1.tlog
C:\Project\API\160908숙제\160908숙제\Debug\link-cvtres.write.1.tlog
C:\PROJECT\API\160908숙제\160908숙제\DEBUG\MAIN.OBJ
C:\Project\API\160908숙제\160908숙제\Debug\mt.command.1.tlog
C:\Project\API\160908숙제\160908숙제\Debug\mt.read.1.tlog
C:\Project\API\160908숙제\160908숙제\Debug\mt.write.1.tlog
C:\Project\API\160908숙제\160908숙제\Debug\rc.command.1.tlog
C:\Project\API\160908숙제\160908숙제\Debug\rc.read.1.tlog
C:\Project\API\160908숙제\160908숙제\Debug\rc.write.1.tlog
C:\Project\API\160908숙제\160908숙제\Debug\vc100.idb
C:\PROJECT\API\160908숙제\160908숙제\DEBUG\VC100.PDB
C:\PROJECT\API\160908숙제\DEBUG\160908숙제.EXE
C:\PROJECT\API\160908숙제\DEBUG\160908숙제.ILK
C:\PROJECT\API\160908숙제\DEBUG\160908숙제.PDB
