빌드 시작: 2016-09-17 오후 4:29:46
     1>2 노드의 "D:\Project\API\시험_과제\시험_과제\시험_과제.vcxproj" 프로젝트(build 대상)입니다.
     1>InitializeBuildStatus:
         "AlwaysCreate"이(가) 지정되었기 때문에 "Debug\시험_과제.unsuccessfulbuild"을(를) 만들고 있습니다.
       ClCompile:
         C:\Program Files\Microsoft Visual Studio 10.0\VC\bin\CL.exe /c /ZI /nologo /W3 /WX- /Od /Oy- /D WIN32 /D _DEBUG /D _WINDOWS /D _MBCS /Gm /EHsc /RTC1 /MDd /GS /fp:precise /Zc:wchar_t /Zc:forScope /Fo"Debug\\" /Fd"Debug\vc100.pdb" /Gd /TP /analyze- /errorReport:prompt API_exam.cpp
         API_exam.cpp
       ResourceCompile:
         모든 출력이 최신 상태입니다.
       ManifestResourceCompile:
         모든 출력이 최신 상태입니다.
       Link:
         C:\Program Files\Microsoft Visual Studio 10.0\VC\bin\link.exe /ERRORREPORT:PROMPT /OUT:"D:\Project\API\시험_과제\Debug\시험_과제.exe" /INCREMENTAL /NOLOGO kernel32.lib user32.lib gdi32.lib winspool.lib comdlg32.lib advapi32.lib shell32.lib ole32.lib oleaut32.lib uuid.lib odbc32.lib odbccp32.lib /MANIFEST /ManifestFile:"Debug\시험_과제.exe.intermediate.manifest" /MANIFESTUAC:"level='asInvoker' uiAccess='false'" /DEBUG /PDB:"D:\Project\API\시험_과제\Debug\시험_과제.pdb" /SUBSYSTEM:WINDOWS /TLBID:1 /DYNAMICBASE /NXCOMPAT /IMPLIB:"D:\Project\API\시험_과제\Debug\시험_과제.lib" /MACHINE:X86 "Debug\시험_과제.res"
         "Debug\시험_과제.exe.embed.manifest.res"
         Debug\API_exam.obj
       Manifest:
         C:\Program Files\Microsoft SDKs\Windows\v7.0A\bin\mt.exe /nologo /verbose /out:"Debug\시험_과제.exe.embed.manifest" /manifest "Debug\시험_과제.exe.intermediate.manifest"
         모든 출력이 최신 상태입니다.
       LinkEmbedManifest:
         모든 출력이 최신 상태입니다.
         시험_과제.vcxproj -> D:\Project\API\시험_과제\Debug\시험_과제.exe
       FinalizeBuildStatus:
         "Debug\시험_과제.unsuccessfulbuild" 파일을 삭제하고 있습니다.
         "Debug\시험_과제.lastbuildstate"에 연결(touching)하고 있습니다.
     1>"D:\Project\API\시험_과제\시험_과제\시험_과제.vcxproj" 프로젝트를 빌드했습니다(build 대상).

빌드했습니다.

경과 시간: 00:00:01.43
